2025-06-24 22:38:47.262 [main] DEBUG io.ktor.server.Application - Java Home: /Users/naser/Library/Java/JavaVirtualMachines/openjdk-21/Contents
2025-06-24 22:38:47.265 [main] DEBUG io.ktor.server.Application - Class Loader: jdk.internal.loader.ClassLoaders$AppClassLoader@3d71d552: [file:/Users/naser/Documents/IdeaPlugin/quranify/site/.kobweb/server/server.jar!/okio]
2025-06-24 22:38:47.281 [main] INFO  io.ktor.server.Application - Initializing server engine for Kobweb project "Quranify - quranic vocabulary"
2025-06-24 22:38:47.283 [main] WARN  io.ktor.server.Application - API jar specified but does not exist! Please fix conf.yaml, updating the path (or removing the value if you aren't declaring API endpoints). Invalid path: "build/libs/quranify.jar"
2025-06-24 22:38:47.381 [main] INFO  io.ktor.server.Application - CORS: No hosts registered.
2025-06-24 22:38:47.408 [main] INFO  io.ktor.server.Application - Application started in 0.398 seconds.
2025-06-24 22:38:47.563 [main] INFO  io.ktor.server.Application - Responding at http://0.0.0.0:8080
2025-06-24 22:38:56.175 [eventLoopGroupProxy-4-1] DEBUG io.ktor.server.Application - Served fallback index.html file in response to "/"
2025-06-24 22:38:58.830 [DefaultDispatcher-worker-4] DEBUG io.ktor.server.Application - Client connected and is requesting kobweb status events.
2025-06-24 22:39:03.839 [eventLoopGroupProxy-4-4] DEBUG io.ktor.server.Application - Served fallback index.html file in response to "/"
2025-06-24 22:39:04.018 [eventLoopGroupProxy-4-4] DEBUG io.ktor.server.Application - Served fallback index.html file in response to "/delete-account"
2025-06-24 22:39:04.865 [DefaultDispatcher-worker-2] DEBUG io.ktor.server.Application - Client connected and is requesting kobweb status events.
2025-06-24 22:39:58.839 [DefaultDispatcher-worker-2] DEBUG io.ktor.server.Application - Stopped sending kobweb status events, probably because client disconnected or server is shutting down. (JobCancellationException: Parent job is Cancelling)
2025-06-24 22:39:58.841 [eventLoopGroupProxy-4-3] DEBUG io.ktor.server.Application - 200 OK: GET - /api/kobweb-status. Exception class kotlinx.coroutines.JobCancellationException: Parent job is Cancelling
kotlinx.coroutines.JobCancellationException: Parent job is Cancelling
Caused by: io.ktor.utils.io.ClosedWriteChannelException: Cannot write to channel
	at io.ktor.utils.io.ByteChannel$writeBuffer$1.invoke(ByteChannel.kt:51)
	at io.ktor.utils.io.ByteChannel$writeBuffer$1.invoke(ByteChannel.kt:51)
	at io.ktor.utils.io.CloseToken.wrapCause(CloseToken.kt:21)
	at io.ktor.utils.io.CloseToken.throwOrNull(CloseToken.kt:26)
	at io.ktor.utils.io.ByteChannel.getWriteBuffer(ByteChannel.kt:51)
	at io.ktor.utils.io.ByteWriteChannelOperationsKt.writeStringUtf8(ByteWriteChannelOperations.kt:96)
	at io.ktor.server.sse.DefaultServerSSESession.writeSSE(DefaultServerSSESession.kt:34)
	at io.ktor.server.sse.DefaultServerSSESession.send(DefaultServerSSESession.kt:22)
	at io.ktor.server.sse.ServerSSESessionKt$heartbeat$2.invokeSuspend(ServerSSESession.kt:170)
	at kotlin.coroutines.jvm.internal.BaseContinuationImpl.resumeWith(ContinuationImpl.kt:33)
	at kotlinx.coroutines.DispatchedTask.run(DispatchedTask.kt:100)
	at kotlinx.coroutines.internal.LimitedDispatcher$Worker.run(LimitedDispatcher.kt:113)
	at kotlinx.coroutines.scheduling.TaskImpl.run(Tasks.kt:89)
	at kotlinx.coroutines.scheduling.CoroutineScheduler.runSafely(CoroutineScheduler.kt:586)
	at kotlinx.coroutines.scheduling.CoroutineScheduler$Worker.executeTask(CoroutineScheduler.kt:820)
	at kotlinx.coroutines.scheduling.CoroutineScheduler$Worker.runWorker(CoroutineScheduler.kt:717)
	at kotlinx.coroutines.scheduling.CoroutineScheduler$Worker.run(CoroutineScheduler.kt:704)
Caused by: io.ktor.util.cio.ChannelWriteException: Cannot write to channel
	at io.ktor.server.netty.cio.NettyHttpResponsePipeline.respondWithFailure(NettyHttpResponsePipeline.kt:100)
	at io.ktor.server.netty.cio.NettyHttpResponsePipeline.respondWithBodyAndTrailerMessage(NettyHttpResponsePipeline.kt:253)
	at io.ktor.server.netty.cio.NettyHttpResponsePipeline.access$respondWithBodyAndTrailerMessage(NettyHttpResponsePipeline.kt:24)
	at io.ktor.server.netty.cio.NettyHttpResponsePipeline$respondWithBodyAndTrailerMessage$1.invokeSuspend(NettyHttpResponsePipeline.kt)
	at kotlin.coroutines.jvm.internal.BaseContinuationImpl.resumeWith(ContinuationImpl.kt:33)
	at kotlinx.coroutines.DispatchedTask.run(DispatchedTask.kt:100)
	at io.netty.util.concurrent.AbstractEventExecutor.runTask(AbstractEventExecutor.java:173)
	at io.netty.util.concurrent.AbstractEventExecutor.safeExecute(AbstractEventExecutor.java:166)
	at io.netty.util.concurrent.SingleThreadEventExecutor.runAllTasks(SingleThreadEventExecutor.java:472)
	at io.netty.channel.nio.NioEventLoop.run(NioEventLoop.java:569)
	at io.netty.util.concurrent.SingleThreadEventExecutor$4.run(SingleThreadEventExecutor.java:997)
	at io.netty.util.internal.ThreadExecutorMap$2.run(ThreadExecutorMap.java:74)
	at io.netty.util.concurrent.FastThreadLocalRunnable.run(FastThreadLocalRunnable.java:30)
	at java.base/java.lang.Thread.run(Thread.java:1583)
Caused by: io.netty.channel.StacklessClosedChannelException: null
	at io.netty.channel.AbstractChannel$AbstractUnsafe.write(Object, ChannelPromise)(Unknown Source)
2025-06-24 22:50:57.959 [eventLoopGroupProxy-4-1] DEBUG io.ktor.server.Application - Served fallback index.html file in response to "/delete-account"
2025-06-24 22:50:58.665 [DefaultDispatcher-worker-1] DEBUG io.ktor.server.Application - Client connected and is requesting kobweb status events.
2025-06-24 22:51:34.911 [DefaultDispatcher-worker-2] DEBUG io.ktor.server.Application - Stopped sending kobweb status events, probably because client disconnected or server is shutting down. (JobCancellationException: Parent job is Cancelling)
2025-06-24 22:51:34.912 [eventLoopGroupProxy-4-5] DEBUG io.ktor.server.Application - 200 OK: GET - /api/kobweb-status. Exception class kotlinx.coroutines.JobCancellationException: Parent job is Cancelling
kotlinx.coroutines.JobCancellationException: Parent job is Cancelling
Caused by: io.ktor.utils.io.ClosedWriteChannelException: Cannot write to channel
	at io.ktor.utils.io.ByteChannel$writeBuffer$1.invoke(ByteChannel.kt:51)
	at io.ktor.utils.io.ByteChannel$writeBuffer$1.invoke(ByteChannel.kt:51)
	at io.ktor.utils.io.CloseToken.wrapCause(CloseToken.kt:21)
	at io.ktor.utils.io.CloseToken.throwOrNull(CloseToken.kt:26)
	at io.ktor.utils.io.ByteChannel.getWriteBuffer(ByteChannel.kt:51)
	at io.ktor.utils.io.ByteWriteChannelOperationsKt.writeStringUtf8(ByteWriteChannelOperations.kt:96)
	at io.ktor.server.sse.DefaultServerSSESession.writeSSE(DefaultServerSSESession.kt:34)
	at io.ktor.server.sse.DefaultServerSSESession.send(DefaultServerSSESession.kt:22)
	at io.ktor.server.sse.ServerSSESessionKt$heartbeat$2.invokeSuspend(ServerSSESession.kt:170)
	at kotlin.coroutines.jvm.internal.BaseContinuationImpl.resumeWith(ContinuationImpl.kt:33)
	at kotlinx.coroutines.DispatchedTask.run(DispatchedTask.kt:100)
	at kotlinx.coroutines.internal.LimitedDispatcher$Worker.run(LimitedDispatcher.kt:113)
	at kotlinx.coroutines.scheduling.TaskImpl.run(Tasks.kt:89)
	at kotlinx.coroutines.scheduling.CoroutineScheduler.runSafely(CoroutineScheduler.kt:586)
	at kotlinx.coroutines.scheduling.CoroutineScheduler$Worker.executeTask(CoroutineScheduler.kt:820)
	at kotlinx.coroutines.scheduling.CoroutineScheduler$Worker.runWorker(CoroutineScheduler.kt:717)
	at kotlinx.coroutines.scheduling.CoroutineScheduler$Worker.run(CoroutineScheduler.kt:704)
Caused by: io.ktor.util.cio.ChannelWriteException: Cannot write to channel
	at io.ktor.server.netty.cio.NettyHttpResponsePipeline.respondWithFailure(NettyHttpResponsePipeline.kt:100)
	at io.ktor.server.netty.cio.NettyHttpResponsePipeline.respondWithBodyAndTrailerMessage(NettyHttpResponsePipeline.kt:253)
	at io.ktor.server.netty.cio.NettyHttpResponsePipeline.access$respondWithBodyAndTrailerMessage(NettyHttpResponsePipeline.kt:24)
	at io.ktor.server.netty.cio.NettyHttpResponsePipeline$respondWithBodyAndTrailerMessage$1.invokeSuspend(NettyHttpResponsePipeline.kt)
	at kotlin.coroutines.jvm.internal.BaseContinuationImpl.resumeWith(ContinuationImpl.kt:33)
	at kotlinx.coroutines.DispatchedTask.run(DispatchedTask.kt:100)
	at io.netty.util.concurrent.AbstractEventExecutor.runTask(AbstractEventExecutor.java:173)
	at io.netty.util.concurrent.AbstractEventExecutor.safeExecute(AbstractEventExecutor.java:166)
	at io.netty.util.concurrent.SingleThreadEventExecutor.runAllTasks(SingleThreadEventExecutor.java:472)
	at io.netty.channel.nio.NioEventLoop.run(NioEventLoop.java:569)
	at io.netty.util.concurrent.SingleThreadEventExecutor$4.run(SingleThreadEventExecutor.java:997)
	at io.netty.util.internal.ThreadExecutorMap$2.run(ThreadExecutorMap.java:74)
	at io.netty.util.concurrent.FastThreadLocalRunnable.run(FastThreadLocalRunnable.java:30)
	at java.base/java.lang.Thread.run(Thread.java:1583)
Caused by: io.netty.channel.StacklessClosedChannelException: null
	at io.netty.channel.AbstractChannel$AbstractUnsafe.write(Object, ChannelPromise)(Unknown Source)
2025-06-24 22:56:19.323 [eventLoopGroupProxy-4-2] DEBUG io.ktor.server.Application - Served fallback index.html file in response to "/delete-account"
2025-06-24 22:56:20.264 [DefaultDispatcher-worker-2] DEBUG io.ktor.server.Application - Client connected and is requesting kobweb status events.
2025-06-24 22:56:58.659 [DefaultDispatcher-worker-3] DEBUG io.ktor.server.Application - Stopped sending kobweb status events, probably because client disconnected or server is shutting down. (JobCancellationException: Parent job is Cancelling)
2025-06-24 22:56:58.659 [eventLoopGroupProxy-4-1] DEBUG io.ktor.server.Application - 200 OK: GET - /api/kobweb-status. Exception class kotlinx.coroutines.JobCancellationException: Parent job is Cancelling
kotlinx.coroutines.JobCancellationException: Parent job is Cancelling
Caused by: io.ktor.utils.io.ClosedWriteChannelException: Cannot write to channel
	at io.ktor.utils.io.ByteChannel$writeBuffer$1.invoke(ByteChannel.kt:51)
	at io.ktor.utils.io.ByteChannel$writeBuffer$1.invoke(ByteChannel.kt:51)
	at io.ktor.utils.io.CloseToken.wrapCause(CloseToken.kt:21)
	at io.ktor.utils.io.CloseToken.throwOrNull(CloseToken.kt:26)
	at io.ktor.utils.io.ByteChannel.getWriteBuffer(ByteChannel.kt:51)
	at io.ktor.utils.io.ByteWriteChannelOperationsKt.writeStringUtf8(ByteWriteChannelOperations.kt:96)
	at io.ktor.server.sse.DefaultServerSSESession.writeSSE(DefaultServerSSESession.kt:34)
	at io.ktor.server.sse.DefaultServerSSESession.send(DefaultServerSSESession.kt:22)
	at io.ktor.server.sse.ServerSSESessionKt$heartbeat$2.invokeSuspend(ServerSSESession.kt:170)
	at kotlin.coroutines.jvm.internal.BaseContinuationImpl.resumeWith(ContinuationImpl.kt:33)
	at kotlinx.coroutines.DispatchedTask.run(DispatchedTask.kt:100)
	at kotlinx.coroutines.internal.LimitedDispatcher$Worker.run(LimitedDispatcher.kt:113)
	at kotlinx.coroutines.scheduling.TaskImpl.run(Tasks.kt:89)
	at kotlinx.coroutines.scheduling.CoroutineScheduler.runSafely(CoroutineScheduler.kt:586)
	at kotlinx.coroutines.scheduling.CoroutineScheduler$Worker.executeTask(CoroutineScheduler.kt:820)
	at kotlinx.coroutines.scheduling.CoroutineScheduler$Worker.runWorker(CoroutineScheduler.kt:717)
	at kotlinx.coroutines.scheduling.CoroutineScheduler$Worker.run(CoroutineScheduler.kt:704)
Caused by: io.ktor.util.cio.ChannelWriteException: Cannot write to channel
	at io.ktor.server.netty.cio.NettyHttpResponsePipeline.respondWithFailure(NettyHttpResponsePipeline.kt:100)
	at io.ktor.server.netty.cio.NettyHttpResponsePipeline.respondWithBodyAndTrailerMessage(NettyHttpResponsePipeline.kt:253)
	at io.ktor.server.netty.cio.NettyHttpResponsePipeline.access$respondWithBodyAndTrailerMessage(NettyHttpResponsePipeline.kt:24)
	at io.ktor.server.netty.cio.NettyHttpResponsePipeline$respondWithBodyAndTrailerMessage$1.invokeSuspend(NettyHttpResponsePipeline.kt)
	at kotlin.coroutines.jvm.internal.BaseContinuationImpl.resumeWith(ContinuationImpl.kt:33)
	at kotlinx.coroutines.DispatchedTask.run(DispatchedTask.kt:100)
	at io.netty.util.concurrent.AbstractEventExecutor.runTask(AbstractEventExecutor.java:173)
	at io.netty.util.concurrent.AbstractEventExecutor.safeExecute(AbstractEventExecutor.java:166)
	at io.netty.util.concurrent.SingleThreadEventExecutor.runAllTasks(SingleThreadEventExecutor.java:472)
	at io.netty.channel.nio.NioEventLoop.run(NioEventLoop.java:569)
	at io.netty.util.concurrent.SingleThreadEventExecutor$4.run(SingleThreadEventExecutor.java:997)
	at io.netty.util.internal.ThreadExecutorMap$2.run(ThreadExecutorMap.java:74)
	at io.netty.util.concurrent.FastThreadLocalRunnable.run(FastThreadLocalRunnable.java:30)
	at java.base/java.lang.Thread.run(Thread.java:1583)
Caused by: io.netty.channel.StacklessClosedChannelException: null
	at io.netty.channel.AbstractChannel$AbstractUnsafe.write(Object, ChannelPromise)(Unknown Source)
2025-06-24 22:57:05.805 [eventLoopGroupProxy-4-3] DEBUG io.ktor.server.Application - Served fallback index.html file in response to "/"
2025-06-24 22:57:06.428 [DefaultDispatcher-worker-3] DEBUG io.ktor.server.Application - Client connected and is requesting kobweb status events.
2025-06-24 22:57:13.568 [eventLoopGroupProxy-4-4] DEBUG io.ktor.server.Application - Served fallback index.html file in response to "/delete-account"
2025-06-24 22:57:14.194 [DefaultDispatcher-worker-4] DEBUG io.ktor.server.Application - Client connected and is requesting kobweb status events.
2025-06-24 22:58:01.426 [DefaultDispatcher-worker-1] DEBUG io.ktor.server.Application - Stopped sending kobweb status events, probably because client disconnected or server is shutting down. (ClosedWriteChannelException: Cannot write to channel)
2025-06-24 22:58:12.121 [eventLoopGroupProxy-4-5] DEBUG io.ktor.server.Application - Served fallback index.html file in response to "/delete-account"
2025-06-24 22:58:12.354 [eventLoopGroupProxy-4-6] DEBUG io.ktor.server.Application - Served fallback index.html file in response to "/delete-account"
2025-06-24 22:58:12.807 [DefaultDispatcher-worker-5] DEBUG io.ktor.server.Application - Client connected and is requesting kobweb status events.
2025-06-24 22:58:13.410 [DefaultDispatcher-worker-2] DEBUG io.ktor.server.Application - Client connected and is requesting kobweb status events.
2025-06-24 22:58:44.197 [DefaultDispatcher-worker-5] DEBUG io.ktor.server.Application - Stopped sending kobweb status events, probably because client disconnected or server is shutting down. (JobCancellationException: Parent job is Cancelling)
2025-06-24 22:58:44.197 [eventLoopGroupProxy-4-4] DEBUG io.ktor.server.Application - 200 OK: GET - /api/kobweb-status. Exception class kotlinx.coroutines.JobCancellationException: Parent job is Cancelling
kotlinx.coroutines.JobCancellationException: Parent job is Cancelling
Caused by: io.ktor.utils.io.ClosedWriteChannelException: Cannot write to channel
	at io.ktor.utils.io.ByteChannel$writeBuffer$1.invoke(ByteChannel.kt:51)
	at io.ktor.utils.io.ByteChannel$writeBuffer$1.invoke(ByteChannel.kt:51)
	at io.ktor.utils.io.CloseToken.wrapCause(CloseToken.kt:21)
	at io.ktor.utils.io.CloseToken.throwOrNull(CloseToken.kt:26)
	at io.ktor.utils.io.ByteChannel.getWriteBuffer(ByteChannel.kt:51)
	at io.ktor.utils.io.ByteWriteChannelOperationsKt.writeStringUtf8(ByteWriteChannelOperations.kt:96)
	at io.ktor.server.sse.DefaultServerSSESession.writeSSE(DefaultServerSSESession.kt:34)
	at io.ktor.server.sse.DefaultServerSSESession.send(DefaultServerSSESession.kt:22)
	at io.ktor.server.sse.ServerSSESessionKt$heartbeat$2.invokeSuspend(ServerSSESession.kt:170)
	at kotlin.coroutines.jvm.internal.BaseContinuationImpl.resumeWith(ContinuationImpl.kt:33)
	at kotlinx.coroutines.DispatchedTask.run(DispatchedTask.kt:100)
	at kotlinx.coroutines.internal.LimitedDispatcher$Worker.run(LimitedDispatcher.kt:113)
	at kotlinx.coroutines.scheduling.TaskImpl.run(Tasks.kt:89)
	at kotlinx.coroutines.scheduling.CoroutineScheduler.runSafely(CoroutineScheduler.kt:586)
	at kotlinx.coroutines.scheduling.CoroutineScheduler$Worker.executeTask(CoroutineScheduler.kt:820)
	at kotlinx.coroutines.scheduling.CoroutineScheduler$Worker.runWorker(CoroutineScheduler.kt:717)
	at kotlinx.coroutines.scheduling.CoroutineScheduler$Worker.run(CoroutineScheduler.kt:704)
Caused by: io.ktor.util.cio.ChannelWriteException: Cannot write to channel
	at io.ktor.server.netty.cio.NettyHttpResponsePipeline.respondWithFailure(NettyHttpResponsePipeline.kt:100)
	at io.ktor.server.netty.cio.NettyHttpResponsePipeline.respondWithBodyAndTrailerMessage(NettyHttpResponsePipeline.kt:253)
	at io.ktor.server.netty.cio.NettyHttpResponsePipeline.access$respondWithBodyAndTrailerMessage(NettyHttpResponsePipeline.kt:24)
	at io.ktor.server.netty.cio.NettyHttpResponsePipeline$respondWithBodyAndTrailerMessage$1.invokeSuspend(NettyHttpResponsePipeline.kt)
	at kotlin.coroutines.jvm.internal.BaseContinuationImpl.resumeWith(ContinuationImpl.kt:33)
	at kotlinx.coroutines.DispatchedTask.run(DispatchedTask.kt:100)
	at io.netty.util.concurrent.AbstractEventExecutor.runTask(AbstractEventExecutor.java:173)
	at io.netty.util.concurrent.AbstractEventExecutor.safeExecute(AbstractEventExecutor.java:166)
	at io.netty.util.concurrent.SingleThreadEventExecutor.runAllTasks(SingleThreadEventExecutor.java:472)
	at io.netty.channel.nio.NioEventLoop.run(NioEventLoop.java:569)
	at io.netty.util.concurrent.SingleThreadEventExecutor$4.run(SingleThreadEventExecutor.java:997)
	at io.netty.util.internal.ThreadExecutorMap$2.run(ThreadExecutorMap.java:74)
	at io.netty.util.concurrent.FastThreadLocalRunnable.run(FastThreadLocalRunnable.java:30)
	at java.base/java.lang.Thread.run(Thread.java:1583)
Caused by: io.netty.channel.StacklessClosedChannelException: null
	at io.netty.channel.AbstractChannel$AbstractUnsafe.write(Object, ChannelPromise)(Unknown Source)
2025-06-24 22:58:50.243 [DefaultDispatcher-worker-2] DEBUG io.ktor.server.Application - Stopped sending kobweb status events, probably because client disconnected or server is shutting down. (JobCancellationException: Parent job is Cancelling)
2025-06-24 22:58:50.244 [eventLoopGroupProxy-4-2] DEBUG io.ktor.server.Application - 200 OK: GET - /api/kobweb-status. Exception class kotlinx.coroutines.JobCancellationException: Parent job is Cancelling
kotlinx.coroutines.JobCancellationException: Parent job is Cancelling
Caused by: io.ktor.utils.io.ClosedWriteChannelException: Cannot write to channel
	at io.ktor.utils.io.ByteChannel$writeBuffer$1.invoke(ByteChannel.kt:51)
	at io.ktor.utils.io.ByteChannel$writeBuffer$1.invoke(ByteChannel.kt:51)
	at io.ktor.utils.io.CloseToken.wrapCause(CloseToken.kt:21)
	at io.ktor.utils.io.CloseToken.throwOrNull(CloseToken.kt:26)
	at io.ktor.utils.io.ByteChannel.getWriteBuffer(ByteChannel.kt:51)
	at io.ktor.utils.io.ByteWriteChannelOperationsKt.writeStringUtf8(ByteWriteChannelOperations.kt:96)
	at io.ktor.server.sse.DefaultServerSSESession.writeSSE(DefaultServerSSESession.kt:34)
	at io.ktor.server.sse.DefaultServerSSESession.send(DefaultServerSSESession.kt:22)
	at io.ktor.server.sse.ServerSSESessionKt$heartbeat$2.invokeSuspend(ServerSSESession.kt:170)
	at kotlin.coroutines.jvm.internal.BaseContinuationImpl.resumeWith(ContinuationImpl.kt:33)
	at kotlinx.coroutines.DispatchedTask.run(DispatchedTask.kt:100)
	at kotlinx.coroutines.internal.LimitedDispatcher$Worker.run(LimitedDispatcher.kt:113)
	at kotlinx.coroutines.scheduling.TaskImpl.run(Tasks.kt:89)
	at kotlinx.coroutines.scheduling.CoroutineScheduler.runSafely(CoroutineScheduler.kt:586)
	at kotlinx.coroutines.scheduling.CoroutineScheduler$Worker.executeTask(CoroutineScheduler.kt:820)
	at kotlinx.coroutines.scheduling.CoroutineScheduler$Worker.runWorker(CoroutineScheduler.kt:717)
	at kotlinx.coroutines.scheduling.CoroutineScheduler$Worker.run(CoroutineScheduler.kt:704)
Caused by: io.ktor.util.cio.ChannelWriteException: Cannot write to channel
	at io.ktor.server.netty.cio.NettyHttpResponsePipeline.respondWithFailure(NettyHttpResponsePipeline.kt:100)
	at io.ktor.server.netty.cio.NettyHttpResponsePipeline.respondWithBodyAndTrailerMessage(NettyHttpResponsePipeline.kt:253)
	at io.ktor.server.netty.cio.NettyHttpResponsePipeline.access$respondWithBodyAndTrailerMessage(NettyHttpResponsePipeline.kt:24)
	at io.ktor.server.netty.cio.NettyHttpResponsePipeline$respondWithBodyAndTrailerMessage$1.invokeSuspend(NettyHttpResponsePipeline.kt)
	at kotlin.coroutines.jvm.internal.BaseContinuationImpl.resumeWith(ContinuationImpl.kt:33)
	at kotlinx.coroutines.DispatchedTask.run(DispatchedTask.kt:100)
	at io.netty.util.concurrent.AbstractEventExecutor.runTask(AbstractEventExecutor.java:173)
	at io.netty.util.concurrent.AbstractEventExecutor.safeExecute(AbstractEventExecutor.java:166)
	at io.netty.util.concurrent.SingleThreadEventExecutor.runAllTasks(SingleThreadEventExecutor.java:472)
	at io.netty.channel.nio.NioEventLoop.run(NioEventLoop.java:569)
	at io.netty.util.concurrent.SingleThreadEventExecutor$4.run(SingleThreadEventExecutor.java:997)
	at io.netty.util.internal.ThreadExecutorMap$2.run(ThreadExecutorMap.java:74)
	at io.netty.util.concurrent.FastThreadLocalRunnable.run(FastThreadLocalRunnable.java:30)
	at java.base/java.lang.Thread.run(Thread.java:1583)
Caused by: io.netty.channel.StacklessClosedChannelException: null
	at io.netty.channel.AbstractChannel$AbstractUnsafe.write(Object, ChannelPromise)(Unknown Source)
2025-06-24 22:59:11.037 [eventLoopGroupProxy-4-2] DEBUG io.ktor.server.Application - Served fallback index.html file in response to "/delete-account"
2025-06-24 22:59:11.081 [eventLoopGroupProxy-4-1] DEBUG io.ktor.server.Application - Served fallback index.html file in response to "/delete-account"
2025-06-24 22:59:11.741 [DefaultDispatcher-worker-3] DEBUG io.ktor.server.Application - Client connected and is requesting kobweb status events.
2025-06-24 22:59:12.040 [DefaultDispatcher-worker-1] DEBUG io.ktor.server.Application - Client connected and is requesting kobweb status events.
2025-06-24 22:59:42.812 [DefaultDispatcher-worker-6] DEBUG io.ktor.server.Application - Stopped sending kobweb status events, probably because client disconnected or server is shutting down. (JobCancellationException: Parent job is Cancelling)
2025-06-24 22:59:42.813 [eventLoopGroupProxy-4-5] DEBUG io.ktor.server.Application - 200 OK: GET - /api/kobweb-status. Exception class kotlinx.coroutines.JobCancellationException: Parent job is Cancelling
kotlinx.coroutines.JobCancellationException: Parent job is Cancelling
Caused by: io.ktor.utils.io.ClosedWriteChannelException: Cannot write to channel
	at io.ktor.utils.io.ByteChannel$writeBuffer$1.invoke(ByteChannel.kt:51)
	at io.ktor.utils.io.ByteChannel$writeBuffer$1.invoke(ByteChannel.kt:51)
	at io.ktor.utils.io.CloseToken.wrapCause(CloseToken.kt:21)
	at io.ktor.utils.io.CloseToken.throwOrNull(CloseToken.kt:26)
	at io.ktor.utils.io.ByteChannel.getWriteBuffer(ByteChannel.kt:51)
	at io.ktor.utils.io.ByteWriteChannelOperationsKt.writeStringUtf8(ByteWriteChannelOperations.kt:96)
	at io.ktor.server.sse.DefaultServerSSESession.writeSSE(DefaultServerSSESession.kt:34)
	at io.ktor.server.sse.DefaultServerSSESession.send(DefaultServerSSESession.kt:22)
	at io.ktor.server.sse.ServerSSESessionKt$heartbeat$2.invokeSuspend(ServerSSESession.kt:170)
	at kotlin.coroutines.jvm.internal.BaseContinuationImpl.resumeWith(ContinuationImpl.kt:33)
	at kotlinx.coroutines.DispatchedTask.run(DispatchedTask.kt:100)
	at kotlinx.coroutines.internal.LimitedDispatcher$Worker.run(LimitedDispatcher.kt:113)
	at kotlinx.coroutines.scheduling.TaskImpl.run(Tasks.kt:89)
	at kotlinx.coroutines.scheduling.CoroutineScheduler.runSafely(CoroutineScheduler.kt:586)
	at kotlinx.coroutines.scheduling.CoroutineScheduler$Worker.executeTask(CoroutineScheduler.kt:820)
	at kotlinx.coroutines.scheduling.CoroutineScheduler$Worker.runWorker(CoroutineScheduler.kt:717)
	at kotlinx.coroutines.scheduling.CoroutineScheduler$Worker.run(CoroutineScheduler.kt:704)
Caused by: io.ktor.util.cio.ChannelWriteException: Cannot write to channel
	at io.ktor.server.netty.cio.NettyHttpResponsePipeline.respondWithFailure(NettyHttpResponsePipeline.kt:100)
	at io.ktor.server.netty.cio.NettyHttpResponsePipeline.respondWithBodyAndTrailerMessage(NettyHttpResponsePipeline.kt:253)
	at io.ktor.server.netty.cio.NettyHttpResponsePipeline.access$respondWithBodyAndTrailerMessage(NettyHttpResponsePipeline.kt:24)
	at io.ktor.server.netty.cio.NettyHttpResponsePipeline$respondWithBodyAndTrailerMessage$1.invokeSuspend(NettyHttpResponsePipeline.kt)
	at kotlin.coroutines.jvm.internal.BaseContinuationImpl.resumeWith(ContinuationImpl.kt:33)
	at kotlinx.coroutines.DispatchedTask.run(DispatchedTask.kt:100)
	at io.netty.util.concurrent.AbstractEventExecutor.runTask(AbstractEventExecutor.java:173)
	at io.netty.util.concurrent.AbstractEventExecutor.safeExecute(AbstractEventExecutor.java:166)
	at io.netty.util.concurrent.SingleThreadEventExecutor.runAllTasks(SingleThreadEventExecutor.java:472)
	at io.netty.channel.nio.NioEventLoop.run(NioEventLoop.java:569)
	at io.netty.util.concurrent.SingleThreadEventExecutor$4.run(SingleThreadEventExecutor.java:997)
	at io.netty.util.internal.ThreadExecutorMap$2.run(ThreadExecutorMap.java:74)
	at io.netty.util.concurrent.FastThreadLocalRunnable.run(FastThreadLocalRunnable.java:30)
	at java.base/java.lang.Thread.run(Thread.java:1583)
Caused by: io.netty.channel.StacklessClosedChannelException: null
	at io.netty.channel.AbstractChannel$AbstractUnsafe.write(Object, ChannelPromise)(Unknown Source)
2025-06-24 22:59:43.418 [DefaultDispatcher-worker-6] DEBUG io.ktor.server.Application - Stopped sending kobweb status events, probably because client disconnected or server is shutting down. (JobCancellationException: Parent job is Cancelling)
2025-06-24 22:59:43.418 [eventLoopGroupProxy-4-6] DEBUG io.ktor.server.Application - 200 OK: GET - /api/kobweb-status. Exception class kotlinx.coroutines.JobCancellationException: Parent job is Cancelling
kotlinx.coroutines.JobCancellationException: Parent job is Cancelling
Caused by: io.ktor.utils.io.ClosedWriteChannelException: Cannot write to channel
	at io.ktor.utils.io.ByteChannel$writeBuffer$1.invoke(ByteChannel.kt:51)
	at io.ktor.utils.io.ByteChannel$writeBuffer$1.invoke(ByteChannel.kt:51)
	at io.ktor.utils.io.CloseToken.wrapCause(CloseToken.kt:21)
	at io.ktor.utils.io.CloseToken.throwOrNull(CloseToken.kt:26)
	at io.ktor.utils.io.ByteChannel.getWriteBuffer(ByteChannel.kt:51)
	at io.ktor.utils.io.ByteWriteChannelOperationsKt.writeStringUtf8(ByteWriteChannelOperations.kt:96)
	at io.ktor.server.sse.DefaultServerSSESession.writeSSE(DefaultServerSSESession.kt:34)
	at io.ktor.server.sse.DefaultServerSSESession.send(DefaultServerSSESession.kt:22)
	at io.ktor.server.sse.ServerSSESessionKt$heartbeat$2.invokeSuspend(ServerSSESession.kt:170)
	at kotlin.coroutines.jvm.internal.BaseContinuationImpl.resumeWith(ContinuationImpl.kt:33)
	at kotlinx.coroutines.DispatchedTask.run(DispatchedTask.kt:100)
	at kotlinx.coroutines.internal.LimitedDispatcher$Worker.run(LimitedDispatcher.kt:113)
	at kotlinx.coroutines.scheduling.TaskImpl.run(Tasks.kt:89)
	at kotlinx.coroutines.scheduling.CoroutineScheduler.runSafely(CoroutineScheduler.kt:586)
	at kotlinx.coroutines.scheduling.CoroutineScheduler$Worker.executeTask(CoroutineScheduler.kt:820)
	at kotlinx.coroutines.scheduling.CoroutineScheduler$Worker.runWorker(CoroutineScheduler.kt:717)
	at kotlinx.coroutines.scheduling.CoroutineScheduler$Worker.run(CoroutineScheduler.kt:704)
Caused by: io.ktor.util.cio.ChannelWriteException: Cannot write to channel
	at io.ktor.server.netty.cio.NettyHttpResponsePipeline.respondWithFailure(NettyHttpResponsePipeline.kt:100)
	at io.ktor.server.netty.cio.NettyHttpResponsePipeline.respondWithBodyAndTrailerMessage(NettyHttpResponsePipeline.kt:253)
	at io.ktor.server.netty.cio.NettyHttpResponsePipeline.access$respondWithBodyAndTrailerMessage(NettyHttpResponsePipeline.kt:24)
	at io.ktor.server.netty.cio.NettyHttpResponsePipeline$respondWithBodyAndTrailerMessage$1.invokeSuspend(NettyHttpResponsePipeline.kt)
	at kotlin.coroutines.jvm.internal.BaseContinuationImpl.resumeWith(ContinuationImpl.kt:33)
	at kotlinx.coroutines.DispatchedTask.run(DispatchedTask.kt:100)
	at io.netty.util.concurrent.AbstractEventExecutor.runTask(AbstractEventExecutor.java:173)
	at io.netty.util.concurrent.AbstractEventExecutor.safeExecute(AbstractEventExecutor.java:166)
	at io.netty.util.concurrent.SingleThreadEventExecutor.runAllTasks(SingleThreadEventExecutor.java:472)
	at io.netty.channel.nio.NioEventLoop.run(NioEventLoop.java:569)
	at io.netty.util.concurrent.SingleThreadEventExecutor$4.run(SingleThreadEventExecutor.java:997)
	at io.netty.util.internal.ThreadExecutorMap$2.run(ThreadExecutorMap.java:74)
	at io.netty.util.concurrent.FastThreadLocalRunnable.run(FastThreadLocalRunnable.java:30)
	at java.base/java.lang.Thread.run(Thread.java:1583)
Caused by: io.netty.channel.StacklessClosedChannelException: null
	at io.netty.channel.AbstractChannel$AbstractUnsafe.write(Object, ChannelPromise)(Unknown Source)
2025-06-24 23:00:28.987 [eventLoopGroupProxy-4-4] DEBUG io.ktor.server.Application - Served fallback index.html file in response to "/delete-account"
2025-06-24 23:00:29.033 [eventLoopGroupProxy-4-3] DEBUG io.ktor.server.Application - Served fallback index.html file in response to "/delete-account"
2025-06-24 23:00:29.681 [DefaultDispatcher-worker-2] DEBUG io.ktor.server.Application - Client connected and is requesting kobweb status events.
2025-06-24 23:00:30.000 [DefaultDispatcher-worker-3] DEBUG io.ktor.server.Application - Client connected and is requesting kobweb status events.
2025-06-24 23:00:45.522 [DefaultDispatcher-worker-1] DEBUG io.ktor.server.Application - Stopped sending kobweb status events, probably because client disconnected or server is shutting down. (ClosedWriteChannelException: Cannot write to channel)
2025-06-24 23:00:45.522 [DefaultDispatcher-worker-4] DEBUG io.ktor.server.Application - Stopped sending kobweb status events, probably because client disconnected or server is shutting down. (ClosedWriteChannelException: Cannot write to channel)
2025-06-24 23:00:53.000 [eventLoopGroupProxy-4-6] DEBUG io.ktor.server.Application - Served fallback index.html file in response to "/delete-account"
2025-06-24 23:00:54.042 [eventLoopGroupProxy-4-5] DEBUG io.ktor.server.Application - Served fallback index.html file in response to "/delete-account"
2025-06-24 23:00:54.421 [DefaultDispatcher-worker-3] DEBUG io.ktor.server.Application - Client connected and is requesting kobweb status events.
2025-06-24 23:00:54.711 [DefaultDispatcher-worker-4] DEBUG io.ktor.server.Application - Client connected and is requesting kobweb status events.
2025-06-24 23:01:29.683 [DefaultDispatcher-worker-4] DEBUG io.ktor.server.Application - Stopped sending kobweb status events, probably because client disconnected or server is shutting down. (JobCancellationException: Parent job is Cancelling)
2025-06-24 23:01:29.683 [eventLoopGroupProxy-4-3] DEBUG io.ktor.server.Application - 200 OK: GET - /api/kobweb-status. Exception class kotlinx.coroutines.JobCancellationException: Parent job is Cancelling
kotlinx.coroutines.JobCancellationException: Parent job is Cancelling
Caused by: io.ktor.utils.io.ClosedWriteChannelException: Cannot write to channel
	at io.ktor.utils.io.ByteChannel$writeBuffer$1.invoke(ByteChannel.kt:51)
	at io.ktor.utils.io.ByteChannel$writeBuffer$1.invoke(ByteChannel.kt:51)
	at io.ktor.utils.io.CloseToken.wrapCause(CloseToken.kt:21)
	at io.ktor.utils.io.CloseToken.throwOrNull(CloseToken.kt:26)
	at io.ktor.utils.io.ByteChannel.getWriteBuffer(ByteChannel.kt:51)
	at io.ktor.utils.io.ByteWriteChannelOperationsKt.writeStringUtf8(ByteWriteChannelOperations.kt:96)
	at io.ktor.server.sse.DefaultServerSSESession.writeSSE(DefaultServerSSESession.kt:34)
	at io.ktor.server.sse.DefaultServerSSESession.send(DefaultServerSSESession.kt:22)
	at io.ktor.server.sse.ServerSSESessionKt$heartbeat$2.invokeSuspend(ServerSSESession.kt:170)
	at kotlin.coroutines.jvm.internal.BaseContinuationImpl.resumeWith(ContinuationImpl.kt:33)
	at kotlinx.coroutines.DispatchedTask.run(DispatchedTask.kt:100)
	at kotlinx.coroutines.internal.LimitedDispatcher$Worker.run(LimitedDispatcher.kt:113)
	at kotlinx.coroutines.scheduling.TaskImpl.run(Tasks.kt:89)
	at kotlinx.coroutines.scheduling.CoroutineScheduler.runSafely(CoroutineScheduler.kt:586)
	at kotlinx.coroutines.scheduling.CoroutineScheduler$Worker.executeTask(CoroutineScheduler.kt:820)
	at kotlinx.coroutines.scheduling.CoroutineScheduler$Worker.runWorker(CoroutineScheduler.kt:717)
	at kotlinx.coroutines.scheduling.CoroutineScheduler$Worker.run(CoroutineScheduler.kt:704)
Caused by: io.ktor.util.cio.ChannelWriteException: Cannot write to channel
	at io.ktor.server.netty.cio.NettyHttpResponsePipeline.respondWithFailure(NettyHttpResponsePipeline.kt:100)
	at io.ktor.server.netty.cio.NettyHttpResponsePipeline.respondWithBodyAndTrailerMessage(NettyHttpResponsePipeline.kt:253)
	at io.ktor.server.netty.cio.NettyHttpResponsePipeline.access$respondWithBodyAndTrailerMessage(NettyHttpResponsePipeline.kt:24)
	at io.ktor.server.netty.cio.NettyHttpResponsePipeline$respondWithBodyAndTrailerMessage$1.invokeSuspend(NettyHttpResponsePipeline.kt)
	at kotlin.coroutines.jvm.internal.BaseContinuationImpl.resumeWith(ContinuationImpl.kt:33)
	at kotlinx.coroutines.DispatchedTask.run(DispatchedTask.kt:100)
	at io.netty.util.concurrent.AbstractEventExecutor.runTask(AbstractEventExecutor.java:173)
	at io.netty.util.concurrent.AbstractEventExecutor.safeExecute(AbstractEventExecutor.java:166)
	at io.netty.util.concurrent.SingleThreadEventExecutor.runAllTasks(SingleThreadEventExecutor.java:472)
	at io.netty.channel.nio.NioEventLoop.run(NioEventLoop.java:569)
	at io.netty.util.concurrent.SingleThreadEventExecutor$4.run(SingleThreadEventExecutor.java:997)
	at io.netty.util.internal.ThreadExecutorMap$2.run(ThreadExecutorMap.java:74)
	at io.netty.util.concurrent.FastThreadLocalRunnable.run(FastThreadLocalRunnable.java:30)
	at java.base/java.lang.Thread.run(Thread.java:1583)
Caused by: io.netty.channel.StacklessClosedChannelException: null
	at io.netty.channel.AbstractChannel$AbstractUnsafe.write(Object, ChannelPromise)(Unknown Source)
2025-06-24 23:01:29.999 [DefaultDispatcher-worker-6] DEBUG io.ktor.server.Application - Stopped sending kobweb status events, probably because client disconnected or server is shutting down. (JobCancellationException: Parent job is Cancelling)
2025-06-24 23:01:30.000 [eventLoopGroupProxy-4-4] DEBUG io.ktor.server.Application - 200 OK: GET - /api/kobweb-status. Exception class kotlinx.coroutines.JobCancellationException: Parent job is Cancelling
kotlinx.coroutines.JobCancellationException: Parent job is Cancelling
Caused by: io.ktor.utils.io.ClosedWriteChannelException: Cannot write to channel
	at io.ktor.utils.io.ByteChannel$writeBuffer$1.invoke(ByteChannel.kt:51)
	at io.ktor.utils.io.ByteChannel$writeBuffer$1.invoke(ByteChannel.kt:51)
	at io.ktor.utils.io.CloseToken.wrapCause(CloseToken.kt:21)
	at io.ktor.utils.io.CloseToken.throwOrNull(CloseToken.kt:26)
	at io.ktor.utils.io.ByteChannel.getWriteBuffer(ByteChannel.kt:51)
	at io.ktor.utils.io.ByteWriteChannelOperationsKt.writeStringUtf8(ByteWriteChannelOperations.kt:96)
	at io.ktor.server.sse.DefaultServerSSESession.writeSSE(DefaultServerSSESession.kt:34)
	at io.ktor.server.sse.DefaultServerSSESession.send(DefaultServerSSESession.kt:22)
	at io.ktor.server.sse.ServerSSESessionKt$heartbeat$2.invokeSuspend(ServerSSESession.kt:170)
	at kotlin.coroutines.jvm.internal.BaseContinuationImpl.resumeWith(ContinuationImpl.kt:33)
	at kotlinx.coroutines.DispatchedTask.run(DispatchedTask.kt:100)
	at kotlinx.coroutines.internal.LimitedDispatcher$Worker.run(LimitedDispatcher.kt:113)
	at kotlinx.coroutines.scheduling.TaskImpl.run(Tasks.kt:89)
	at kotlinx.coroutines.scheduling.CoroutineScheduler.runSafely(CoroutineScheduler.kt:586)
	at kotlinx.coroutines.scheduling.CoroutineScheduler$Worker.executeTask(CoroutineScheduler.kt:820)
	at kotlinx.coroutines.scheduling.CoroutineScheduler$Worker.runWorker(CoroutineScheduler.kt:717)
	at kotlinx.coroutines.scheduling.CoroutineScheduler$Worker.run(CoroutineScheduler.kt:704)
Caused by: io.ktor.util.cio.ChannelWriteException: Cannot write to channel
	at io.ktor.server.netty.cio.NettyHttpResponsePipeline.respondWithFailure(NettyHttpResponsePipeline.kt:100)
	at io.ktor.server.netty.cio.NettyHttpResponsePipeline.respondWithBodyAndTrailerMessage(NettyHttpResponsePipeline.kt:253)
	at io.ktor.server.netty.cio.NettyHttpResponsePipeline.access$respondWithBodyAndTrailerMessage(NettyHttpResponsePipeline.kt:24)
	at io.ktor.server.netty.cio.NettyHttpResponsePipeline$respondWithBodyAndTrailerMessage$1.invokeSuspend(NettyHttpResponsePipeline.kt)
	at kotlin.coroutines.jvm.internal.BaseContinuationImpl.resumeWith(ContinuationImpl.kt:33)
	at kotlinx.coroutines.DispatchedTask.run(DispatchedTask.kt:100)
	at io.netty.util.concurrent.AbstractEventExecutor.runTask(AbstractEventExecutor.java:173)
	at io.netty.util.concurrent.AbstractEventExecutor.safeExecute(AbstractEventExecutor.java:166)
	at io.netty.util.concurrent.SingleThreadEventExecutor.runAllTasks(SingleThreadEventExecutor.java:472)
	at io.netty.channel.nio.NioEventLoop.run(NioEventLoop.java:569)
	at io.netty.util.concurrent.SingleThreadEventExecutor$4.run(SingleThreadEventExecutor.java:997)
	at io.netty.util.internal.ThreadExecutorMap$2.run(ThreadExecutorMap.java:74)
	at io.netty.util.concurrent.FastThreadLocalRunnable.run(FastThreadLocalRunnable.java:30)
	at java.base/java.lang.Thread.run(Thread.java:1583)
Caused by: io.netty.channel.StacklessClosedChannelException: null
	at io.netty.channel.AbstractChannel$AbstractUnsafe.write(Object, ChannelPromise)(Unknown Source)
2025-06-24 23:08:49.248 [eventLoopGroupProxy-4-2] DEBUG io.ktor.server.Application - Served fallback index.html file in response to "/delete-account"
2025-06-24 23:08:50.292 [eventLoopGroupProxy-4-3] DEBUG io.ktor.server.Application - Served fallback index.html file in response to "/delete-account"
2025-06-24 23:08:50.687 [DefaultDispatcher-worker-5] DEBUG io.ktor.server.Application - Client connected and is requesting kobweb status events.
2025-06-24 23:08:50.952 [DefaultDispatcher-worker-2] DEBUG io.ktor.server.Application - Client connected and is requesting kobweb status events.
2025-06-24 23:09:24.438 [DefaultDispatcher-worker-2] DEBUG io.ktor.server.Application - Stopped sending kobweb status events, probably because client disconnected or server is shutting down. (JobCancellationException: Parent job is Cancelling)
2025-06-24 23:09:24.439 [eventLoopGroupProxy-4-6] DEBUG io.ktor.server.Application - 200 OK: GET - /api/kobweb-status. Exception class kotlinx.coroutines.JobCancellationException: Parent job is Cancelling
kotlinx.coroutines.JobCancellationException: Parent job is Cancelling
Caused by: io.ktor.utils.io.ClosedWriteChannelException: Cannot write to channel
	at io.ktor.utils.io.ByteChannel$writeBuffer$1.invoke(ByteChannel.kt:51)
	at io.ktor.utils.io.ByteChannel$writeBuffer$1.invoke(ByteChannel.kt:51)
	at io.ktor.utils.io.CloseToken.wrapCause(CloseToken.kt:21)
	at io.ktor.utils.io.CloseToken.throwOrNull(CloseToken.kt:26)
	at io.ktor.utils.io.ByteChannel.getWriteBuffer(ByteChannel.kt:51)
	at io.ktor.utils.io.ByteWriteChannelOperationsKt.writeStringUtf8(ByteWriteChannelOperations.kt:96)
	at io.ktor.server.sse.DefaultServerSSESession.writeSSE(DefaultServerSSESession.kt:34)
	at io.ktor.server.sse.DefaultServerSSESession.send(DefaultServerSSESession.kt:22)
	at io.ktor.server.sse.ServerSSESessionKt$heartbeat$2.invokeSuspend(ServerSSESession.kt:170)
	at kotlin.coroutines.jvm.internal.BaseContinuationImpl.resumeWith(ContinuationImpl.kt:33)
	at kotlinx.coroutines.DispatchedTask.run(DispatchedTask.kt:100)
	at kotlinx.coroutines.internal.LimitedDispatcher$Worker.run(LimitedDispatcher.kt:113)
	at kotlinx.coroutines.scheduling.TaskImpl.run(Tasks.kt:89)
	at kotlinx.coroutines.scheduling.CoroutineScheduler.runSafely(CoroutineScheduler.kt:586)
	at kotlinx.coroutines.scheduling.CoroutineScheduler$Worker.executeTask(CoroutineScheduler.kt:820)
	at kotlinx.coroutines.scheduling.CoroutineScheduler$Worker.runWorker(CoroutineScheduler.kt:717)
	at kotlinx.coroutines.scheduling.CoroutineScheduler$Worker.run(CoroutineScheduler.kt:704)
Caused by: io.ktor.util.cio.ChannelWriteException: Cannot write to channel
	at io.ktor.server.netty.cio.NettyHttpResponsePipeline.respondWithFailure(NettyHttpResponsePipeline.kt:100)
	at io.ktor.server.netty.cio.NettyHttpResponsePipeline.respondWithBodyAndTrailerMessage(NettyHttpResponsePipeline.kt:253)
	at io.ktor.server.netty.cio.NettyHttpResponsePipeline.access$respondWithBodyAndTrailerMessage(NettyHttpResponsePipeline.kt:24)
	at io.ktor.server.netty.cio.NettyHttpResponsePipeline$respondWithBodyAndTrailerMessage$1.invokeSuspend(NettyHttpResponsePipeline.kt)
	at kotlin.coroutines.jvm.internal.BaseContinuationImpl.resumeWith(ContinuationImpl.kt:33)
	at kotlinx.coroutines.DispatchedTask.run(DispatchedTask.kt:100)
	at io.netty.util.concurrent.AbstractEventExecutor.runTask(AbstractEventExecutor.java:173)
	at io.netty.util.concurrent.AbstractEventExecutor.safeExecute(AbstractEventExecutor.java:166)
	at io.netty.util.concurrent.SingleThreadEventExecutor.runAllTasks(SingleThreadEventExecutor.java:472)
	at io.netty.channel.nio.NioEventLoop.run(NioEventLoop.java:569)
	at io.netty.util.concurrent.SingleThreadEventExecutor$4.run(SingleThreadEventExecutor.java:997)
	at io.netty.util.internal.ThreadExecutorMap$2.run(ThreadExecutorMap.java:74)
	at io.netty.util.concurrent.FastThreadLocalRunnable.run(FastThreadLocalRunnable.java:30)
	at java.base/java.lang.Thread.run(Thread.java:1583)
Caused by: io.netty.channel.StacklessClosedChannelException: null
	at io.netty.channel.AbstractChannel$AbstractUnsafe.write(Object, ChannelPromise)(Unknown Source)
2025-06-24 23:09:24.724 [DefaultDispatcher-worker-3] DEBUG io.ktor.server.Application - Stopped sending kobweb status events, probably because client disconnected or server is shutting down. (JobCancellationException: Parent job is Cancelling)
2025-06-24 23:09:24.724 [eventLoopGroupProxy-4-5] DEBUG io.ktor.server.Application - 200 OK: GET - /api/kobweb-status. Exception class kotlinx.coroutines.JobCancellationException: Parent job is Cancelling
kotlinx.coroutines.JobCancellationException: Parent job is Cancelling
Caused by: io.ktor.utils.io.ClosedWriteChannelException: Cannot write to channel
	at io.ktor.utils.io.ByteChannel$writeBuffer$1.invoke(ByteChannel.kt:51)
	at io.ktor.utils.io.ByteChannel$writeBuffer$1.invoke(ByteChannel.kt:51)
	at io.ktor.utils.io.CloseToken.wrapCause(CloseToken.kt:21)
	at io.ktor.utils.io.CloseToken.throwOrNull(CloseToken.kt:26)
	at io.ktor.utils.io.ByteChannel.getWriteBuffer(ByteChannel.kt:51)
	at io.ktor.utils.io.ByteWriteChannelOperationsKt.writeStringUtf8(ByteWriteChannelOperations.kt:96)
	at io.ktor.server.sse.DefaultServerSSESession.writeSSE(DefaultServerSSESession.kt:34)
	at io.ktor.server.sse.DefaultServerSSESession.send(DefaultServerSSESession.kt:22)
	at io.ktor.server.sse.ServerSSESessionKt$heartbeat$2.invokeSuspend(ServerSSESession.kt:170)
	at kotlin.coroutines.jvm.internal.BaseContinuationImpl.resumeWith(ContinuationImpl.kt:33)
	at kotlinx.coroutines.DispatchedTask.run(DispatchedTask.kt:100)
	at kotlinx.coroutines.internal.LimitedDispatcher$Worker.run(LimitedDispatcher.kt:113)
	at kotlinx.coroutines.scheduling.TaskImpl.run(Tasks.kt:89)
	at kotlinx.coroutines.scheduling.CoroutineScheduler.runSafely(CoroutineScheduler.kt:586)
	at kotlinx.coroutines.scheduling.CoroutineScheduler$Worker.executeTask(CoroutineScheduler.kt:820)
	at kotlinx.coroutines.scheduling.CoroutineScheduler$Worker.runWorker(CoroutineScheduler.kt:717)
	at kotlinx.coroutines.scheduling.CoroutineScheduler$Worker.run(CoroutineScheduler.kt:704)
Caused by: io.ktor.util.cio.ChannelWriteException: Cannot write to channel
	at io.ktor.server.netty.cio.NettyHttpResponsePipeline.respondWithFailure(NettyHttpResponsePipeline.kt:100)
	at io.ktor.server.netty.cio.NettyHttpResponsePipeline.respondWithBodyAndTrailerMessage(NettyHttpResponsePipeline.kt:253)
	at io.ktor.server.netty.cio.NettyHttpResponsePipeline.access$respondWithBodyAndTrailerMessage(NettyHttpResponsePipeline.kt:24)
	at io.ktor.server.netty.cio.NettyHttpResponsePipeline$respondWithBodyAndTrailerMessage$1.invokeSuspend(NettyHttpResponsePipeline.kt)
	at kotlin.coroutines.jvm.internal.BaseContinuationImpl.resumeWith(ContinuationImpl.kt:33)
	at kotlinx.coroutines.DispatchedTask.run(DispatchedTask.kt:100)
	at io.netty.util.concurrent.AbstractEventExecutor.runTask(AbstractEventExecutor.java:173)
	at io.netty.util.concurrent.AbstractEventExecutor.safeExecute(AbstractEventExecutor.java:166)
	at io.netty.util.concurrent.SingleThreadEventExecutor.runAllTasks(SingleThreadEventExecutor.java:472)
	at io.netty.channel.nio.NioEventLoop.run(NioEventLoop.java:569)
	at io.netty.util.concurrent.SingleThreadEventExecutor$4.run(SingleThreadEventExecutor.java:997)
	at io.netty.util.internal.ThreadExecutorMap$2.run(ThreadExecutorMap.java:74)
	at io.netty.util.concurrent.FastThreadLocalRunnable.run(FastThreadLocalRunnable.java:30)
	at java.base/java.lang.Thread.run(Thread.java:1583)
Caused by: io.netty.channel.StacklessClosedChannelException: null
	at io.netty.channel.AbstractChannel$AbstractUnsafe.write(Object, ChannelPromise)(Unknown Source)
2025-06-24 23:11:11.597 [eventLoopGroupProxy-4-5] DEBUG io.ktor.server.Application - Served fallback index.html file in response to "/delete-account"
2025-06-24 23:11:12.189 [DefaultDispatcher-worker-3] DEBUG io.ktor.server.Application - Client connected and is requesting kobweb status events.
2025-06-24 23:11:50.965 [DefaultDispatcher-worker-2] DEBUG io.ktor.server.Application - Stopped sending kobweb status events, probably because client disconnected or server is shutting down. (JobCancellationException: Parent job is Cancelling)
2025-06-24 23:11:50.965 [eventLoopGroupProxy-4-3] DEBUG io.ktor.server.Application - 200 OK: GET - /api/kobweb-status. Exception class kotlinx.coroutines.JobCancellationException: Parent job is Cancelling
kotlinx.coroutines.JobCancellationException: Parent job is Cancelling
Caused by: io.ktor.utils.io.ClosedWriteChannelException: Cannot write to channel
	at io.ktor.utils.io.ByteChannel$writeBuffer$1.invoke(ByteChannel.kt:51)
	at io.ktor.utils.io.ByteChannel$writeBuffer$1.invoke(ByteChannel.kt:51)
	at io.ktor.utils.io.CloseToken.wrapCause(CloseToken.kt:21)
	at io.ktor.utils.io.CloseToken.throwOrNull(CloseToken.kt:26)
	at io.ktor.utils.io.ByteChannel.getWriteBuffer(ByteChannel.kt:51)
	at io.ktor.utils.io.ByteWriteChannelOperationsKt.writeStringUtf8(ByteWriteChannelOperations.kt:96)
	at io.ktor.server.sse.DefaultServerSSESession.writeSSE(DefaultServerSSESession.kt:34)
	at io.ktor.server.sse.DefaultServerSSESession.send(DefaultServerSSESession.kt:22)
	at io.ktor.server.sse.ServerSSESessionKt$heartbeat$2.invokeSuspend(ServerSSESession.kt:170)
	at kotlin.coroutines.jvm.internal.BaseContinuationImpl.resumeWith(ContinuationImpl.kt:33)
	at kotlinx.coroutines.DispatchedTask.run(DispatchedTask.kt:100)
	at kotlinx.coroutines.internal.LimitedDispatcher$Worker.run(LimitedDispatcher.kt:113)
	at kotlinx.coroutines.scheduling.TaskImpl.run(Tasks.kt:89)
	at kotlinx.coroutines.scheduling.CoroutineScheduler.runSafely(CoroutineScheduler.kt:586)
	at kotlinx.coroutines.scheduling.CoroutineScheduler$Worker.executeTask(CoroutineScheduler.kt:820)
	at kotlinx.coroutines.scheduling.CoroutineScheduler$Worker.runWorker(CoroutineScheduler.kt:717)
	at kotlinx.coroutines.scheduling.CoroutineScheduler$Worker.run(CoroutineScheduler.kt:704)
Caused by: io.ktor.util.cio.ChannelWriteException: Cannot write to channel
	at io.ktor.server.netty.cio.NettyHttpResponsePipeline.respondWithFailure(NettyHttpResponsePipeline.kt:100)
	at io.ktor.server.netty.cio.NettyHttpResponsePipeline.respondWithBodyAndTrailerMessage(NettyHttpResponsePipeline.kt:253)
	at io.ktor.server.netty.cio.NettyHttpResponsePipeline.access$respondWithBodyAndTrailerMessage(NettyHttpResponsePipeline.kt:24)
	at io.ktor.server.netty.cio.NettyHttpResponsePipeline$respondWithBodyAndTrailerMessage$1.invokeSuspend(NettyHttpResponsePipeline.kt)
	at kotlin.coroutines.jvm.internal.BaseContinuationImpl.resumeWith(ContinuationImpl.kt:33)
	at kotlinx.coroutines.DispatchedTask.run(DispatchedTask.kt:100)
	at io.netty.util.concurrent.AbstractEventExecutor.runTask(AbstractEventExecutor.java:173)
	at io.netty.util.concurrent.AbstractEventExecutor.safeExecute(AbstractEventExecutor.java:166)
	at io.netty.util.concurrent.SingleThreadEventExecutor.runAllTasks(SingleThreadEventExecutor.java:472)
	at io.netty.channel.nio.NioEventLoop.run(NioEventLoop.java:569)
	at io.netty.util.concurrent.SingleThreadEventExecutor$4.run(SingleThreadEventExecutor.java:997)
	at io.netty.util.internal.ThreadExecutorMap$2.run(ThreadExecutorMap.java:74)
	at io.netty.util.concurrent.FastThreadLocalRunnable.run(FastThreadLocalRunnable.java:30)
	at java.base/java.lang.Thread.run(Thread.java:1583)
Caused by: io.netty.channel.StacklessClosedChannelException: null
	at io.netty.channel.AbstractChannel$AbstractUnsafe.write(Object, ChannelPromise)(Unknown Source)
2025-06-24 23:12:22.474 [eventLoopGroupProxy-4-6] DEBUG io.ktor.server.Application - Served fallback index.html file in response to "/"
2025-06-24 23:12:23.031 [DefaultDispatcher-worker-2] DEBUG io.ktor.server.Application - Client connected and is requesting kobweb status events.
